ARM GAS  /tmp/ccKqS44H.s 			page 1


   1              		.cpu cortex-m4
   2              		.arch armv7e-m
   3              		.fpu fpv4-sp-d16
   4              		.eabi_attribute 27, 1
   5              		.eabi_attribute 28, 1
   6              		.eabi_attribute 20, 1
   7              		.eabi_attribute 21, 1
   8              		.eabi_attribute 23, 3
   9              		.eabi_attribute 24, 1
  10              		.eabi_attribute 25, 1
  11              		.eabi_attribute 26, 1
  12              		.eabi_attribute 30, 1
  13              		.eabi_attribute 34, 1
  14              		.eabi_attribute 18, 4
  15              		.file	"gpio.c"
  16              		.text
  17              	.Ltext0:
  18              		.cfi_sections	.debug_frame
  19              		.file 1 "Core/Src/gpio.c"
  20              		.section	.text.MX_GPIO_Init,"ax",%progbits
  21              		.align	1
  22              		.global	MX_GPIO_Init
  23              		.syntax unified
  24              		.thumb
  25              		.thumb_func
  27              	MX_GPIO_Init:
  28              	.LFB134:
   1:Core/Src/gpio.c **** /* USER CODE BEGIN Header */
   2:Core/Src/gpio.c **** /**
   3:Core/Src/gpio.c ****   ******************************************************************************
   4:Core/Src/gpio.c ****   * @file    gpio.c
   5:Core/Src/gpio.c ****   * @brief   This file provides code for the configuration
   6:Core/Src/gpio.c ****   *          of all used GPIO pins.
   7:Core/Src/gpio.c ****   ******************************************************************************
   8:Core/Src/gpio.c ****   * @attention
   9:Core/Src/gpio.c ****   *
  10:Core/Src/gpio.c ****   * Copyright (c) 2024 STMicroelectronics.
  11:Core/Src/gpio.c ****   * All rights reserved.
  12:Core/Src/gpio.c ****   *
  13:Core/Src/gpio.c ****   * This software is licensed under terms that can be found in the LICENSE file
  14:Core/Src/gpio.c ****   * in the root directory of this software component.
  15:Core/Src/gpio.c ****   * If no LICENSE file comes with this software, it is provided AS-IS.
  16:Core/Src/gpio.c ****   *
  17:Core/Src/gpio.c ****   ******************************************************************************
  18:Core/Src/gpio.c ****   */
  19:Core/Src/gpio.c **** /* USER CODE END Header */
  20:Core/Src/gpio.c **** 
  21:Core/Src/gpio.c **** /* Includes ------------------------------------------------------------------*/
  22:Core/Src/gpio.c **** #include "gpio.h"
  23:Core/Src/gpio.c **** 
  24:Core/Src/gpio.c **** /* USER CODE BEGIN 0 */
  25:Core/Src/gpio.c **** 
  26:Core/Src/gpio.c **** /* USER CODE END 0 */
  27:Core/Src/gpio.c **** 
  28:Core/Src/gpio.c **** /*----------------------------------------------------------------------------*/
  29:Core/Src/gpio.c **** /* Configure GPIO                                                             */
  30:Core/Src/gpio.c **** /*----------------------------------------------------------------------------*/
ARM GAS  /tmp/ccKqS44H.s 			page 2


  31:Core/Src/gpio.c **** /* USER CODE BEGIN 1 */
  32:Core/Src/gpio.c **** 
  33:Core/Src/gpio.c **** /* USER CODE END 1 */
  34:Core/Src/gpio.c **** 
  35:Core/Src/gpio.c **** /** Configure pins
  36:Core/Src/gpio.c **** */
  37:Core/Src/gpio.c **** void MX_GPIO_Init(void)
  38:Core/Src/gpio.c **** {
  29              		.loc 1 38 1 view -0
  30              		.cfi_startproc
  31              		@ args = 0, pretend = 0, frame = 32
  32              		@ frame_needed = 0, uses_anonymous_args = 0
  33 0000 30B5     		push	{r4, r5, lr}
  34              		.cfi_def_cfa_offset 12
  35              		.cfi_offset 4, -12
  36              		.cfi_offset 5, -8
  37              		.cfi_offset 14, -4
  38 0002 89B0     		sub	sp, sp, #36
  39              		.cfi_def_cfa_offset 48
  39:Core/Src/gpio.c **** 
  40:Core/Src/gpio.c ****   GPIO_InitTypeDef GPIO_InitStruct = {0};
  40              		.loc 1 40 3 view .LVU1
  41              		.loc 1 40 20 is_stmt 0 view .LVU2
  42 0004 03AC     		add	r4, sp, #12
  43 0006 0022     		movs	r2, #0
  44 0008 0392     		str	r2, [sp, #12]
  45 000a 0492     		str	r2, [sp, #16]
  46 000c 0592     		str	r2, [sp, #20]
  47 000e 0692     		str	r2, [sp, #24]
  48 0010 0792     		str	r2, [sp, #28]
  41:Core/Src/gpio.c **** 
  42:Core/Src/gpio.c ****   /* GPIO Ports Clock Enable */
  43:Core/Src/gpio.c ****   __HAL_RCC_GPIOA_CLK_ENABLE();
  49              		.loc 1 43 3 is_stmt 1 view .LVU3
  50              	.LBB2:
  51              		.loc 1 43 3 view .LVU4
  52 0012 0192     		str	r2, [sp, #4]
  53              		.loc 1 43 3 view .LVU5
  54 0014 134B     		ldr	r3, .L3
  55 0016 196B     		ldr	r1, [r3, #48]
  56 0018 41F00101 		orr	r1, r1, #1
  57 001c 1963     		str	r1, [r3, #48]
  58              		.loc 1 43 3 view .LVU6
  59 001e 196B     		ldr	r1, [r3, #48]
  60 0020 01F00101 		and	r1, r1, #1
  61 0024 0191     		str	r1, [sp, #4]
  62              		.loc 1 43 3 view .LVU7
  63 0026 0199     		ldr	r1, [sp, #4]
  64              	.LBE2:
  65              		.loc 1 43 3 view .LVU8
  44:Core/Src/gpio.c ****   __HAL_RCC_GPIOB_CLK_ENABLE();
  66              		.loc 1 44 3 view .LVU9
  67              	.LBB3:
  68              		.loc 1 44 3 view .LVU10
  69 0028 0292     		str	r2, [sp, #8]
  70              		.loc 1 44 3 view .LVU11
  71 002a 196B     		ldr	r1, [r3, #48]
ARM GAS  /tmp/ccKqS44H.s 			page 3


  72 002c 41F00201 		orr	r1, r1, #2
  73 0030 1963     		str	r1, [r3, #48]
  74              		.loc 1 44 3 view .LVU12
  75 0032 1B6B     		ldr	r3, [r3, #48]
  76 0034 03F00203 		and	r3, r3, #2
  77 0038 0293     		str	r3, [sp, #8]
  78              		.loc 1 44 3 view .LVU13
  79 003a 029B     		ldr	r3, [sp, #8]
  80              	.LBE3:
  81              		.loc 1 44 3 view .LVU14
  45:Core/Src/gpio.c **** 
  46:Core/Src/gpio.c ****   /*Configure GPIO pin Output Level */
  47:Core/Src/gpio.c ****   HAL_GPIO_WritePin(SD_CS_GPIO_Port, SD_CS_Pin, GPIO_PIN_RESET);
  82              		.loc 1 47 3 view .LVU15
  83 003c 0A4D     		ldr	r5, .L3+4
  84 003e 4FF40051 		mov	r1, #8192
  85 0042 2846     		mov	r0, r5
  86 0044 FFF7FEFF 		bl	HAL_GPIO_WritePin
  87              	.LVL0:
  48:Core/Src/gpio.c **** 
  49:Core/Src/gpio.c ****   /*Configure GPIO pin : SD_CS_Pin */
  50:Core/Src/gpio.c ****   GPIO_InitStruct.Pin = SD_CS_Pin;
  88              		.loc 1 50 3 view .LVU16
  89              		.loc 1 50 23 is_stmt 0 view .LVU17
  90 0048 4FF40053 		mov	r3, #8192
  91 004c 0393     		str	r3, [sp, #12]
  51:Core/Src/gpio.c ****   GPIO_InitStruct.Mode = GPIO_MODE_OUTPUT_PP;
  92              		.loc 1 51 3 is_stmt 1 view .LVU18
  93              		.loc 1 51 24 is_stmt 0 view .LVU19
  94 004e 0123     		movs	r3, #1
  95 0050 0493     		str	r3, [sp, #16]
  52:Core/Src/gpio.c ****   GPIO_InitStruct.Pull = GPIO_PULLUP;
  96              		.loc 1 52 3 is_stmt 1 view .LVU20
  97              		.loc 1 52 24 is_stmt 0 view .LVU21
  98 0052 0593     		str	r3, [sp, #20]
  53:Core/Src/gpio.c ****   GPIO_InitStruct.Speed = GPIO_SPEED_FREQ_VERY_HIGH;
  99              		.loc 1 53 3 is_stmt 1 view .LVU22
 100              		.loc 1 53 25 is_stmt 0 view .LVU23
 101 0054 0323     		movs	r3, #3
 102 0056 0693     		str	r3, [sp, #24]
  54:Core/Src/gpio.c ****   HAL_GPIO_Init(SD_CS_GPIO_Port, &GPIO_InitStruct);
 103              		.loc 1 54 3 is_stmt 1 view .LVU24
 104 0058 2146     		mov	r1, r4
 105 005a 2846     		mov	r0, r5
 106 005c FFF7FEFF 		bl	HAL_GPIO_Init
 107              	.LVL1:
  55:Core/Src/gpio.c **** 
  56:Core/Src/gpio.c **** }
 108              		.loc 1 56 1 is_stmt 0 view .LVU25
 109 0060 09B0     		add	sp, sp, #36
 110              		.cfi_def_cfa_offset 12
 111              		@ sp needed
 112 0062 30BD     		pop	{r4, r5, pc}
 113              	.L4:
 114              		.align	2
 115              	.L3:
 116 0064 00380240 		.word	1073887232
ARM GAS  /tmp/ccKqS44H.s 			page 4


 117 0068 00040240 		.word	1073873920
 118              		.cfi_endproc
 119              	.LFE134:
 121              		.text
 122              	.Letext0:
 123              		.file 2 "/usr/arm-none-eabi/include/machine/_default_types.h"
 124              		.file 3 "/usr/arm-none-eabi/include/sys/_stdint.h"
 125              		.file 4 "Drivers/CMSIS/Device/ST/STM32F4xx/Include/stm32f411xe.h"
 126              		.file 5 "Drivers/STM32F4xx_HAL_Driver/Inc/stm32f4xx_hal_gpio.h"
ARM GAS  /tmp/ccKqS44H.s 			page 5


DEFINED SYMBOLS
                            *ABS*:00000000 gpio.c
     /tmp/ccKqS44H.s:21     .text.MX_GPIO_Init:00000000 $t
     /tmp/ccKqS44H.s:27     .text.MX_GPIO_Init:00000000 MX_GPIO_Init
     /tmp/ccKqS44H.s:116    .text.MX_GPIO_Init:00000064 $d

UNDEFINED SYMBOLS
HAL_GPIO_WritePin
HAL_GPIO_Init
